
> design-system@0.1.0 build-storybook
> storybook build --output-dir=C:\Users\ANCHAL~1\AppData\Local\Temp\chromatic--20396-JjKoo5Mda1Av

[1m@storybook/core v8.6.12
[22m
info => Cleaning outputDir: [36m..\..\..\..\ANCHAL~1\AppData\Local\Temp\chromatic--20396-JjKoo5Mda1Av[39m
info => Loading presets
info => Building manager..
info => Manager built ([38;2;181;126;229m264 ms[39m)
info => Building preview..
WARN No story files found for the specified pattern: [34msrc\**\*.mdx[39m
info => Loading Webpack configuration from `node_modules\react-scripts`
info => Removing existing JavaScript and TypeScript rules.
info => Modifying Create React App rules.
info => Using default Webpack5 setup
info Using tsconfig paths for react-docgen
info => Copying static files: [36mpublic[39m at [36m..\..\..\..\ANCHAL~1\AppData\Local\Temp\chromatic--20396-JjKoo5Mda1Av[39m
WARN [eslint] 
WARN src\components\Feedback\Toast.tsx
WARN   Line 30:10:  'progress' is assigned a value but never used                                                                   @typescript-eslint/no-unused-vars
WARN   Line 47:6:   React Hook useEffect has a missing dependency: 'handleClose'. Either include it or remove the dependency array  react-hooks/exhaustive-deps
WARN 
WARN src\stories\Label.stories.tsx
WARN   Line 69:3:  Named exports should not use the name annotation if it is redundant to the name that would be generated by the export name  storybook/no-redundant-story-name
WARN   Line 84:3:  Named exports should not use the name annotation if it is redundant to the name that would be generated by the export name  storybook/no-redundant-story-name
WARN   Line 99:3:  Named exports should not use the name annotation if it is redundant to the name that would be generated by the export name  storybook/no-redundant-story-name
WARN 
WARN 
WARN asset size limit: The following asset(s) exceed the recommended size limit (244 KiB).
WARN This can impact web performance.
WARN Assets: 
WARN   stories-DatePicker-stories.44f79124.iframe.bundle.js (267 KiB)
WARN   735.44443c92.iframe.bundle.js (364 KiB)
WARN   226.9ca9d4f3.iframe.bundle.js (1.01 MiB)
WARN entrypoint size limit: The following entrypoint(s) combined asset size exceeds the recommended limit (244 KiB). This can impact web performance.
WARN Entrypoints:
WARN   main (1.02 MiB)
WARN       runtime~main.202f6243.iframe.bundle.js
WARN       226.9ca9d4f3.iframe.bundle.js
WARN       main.c00d1fb2.iframe.bundle.js
WARN 
info => Preview built ([38;2;181;126;229m33 s[39m)
info => Output directory: C:\Users\ANCHAL~1\AppData\Local\Temp\chromatic--20396-JjKoo5Mda1Av
